<?xml version="1.0" encoding="UTF-8"?>
<!-- Generated by org.testng.reporters.JUnitReportReporter -->
<testsuite skipped="0" hostname="MYDear-PC" name="com.saphire.test.regression.TestCreateUserUS0155" tests="1" failures="0" timestamp="20 Aug 2017 04:22:09 GMT" time="8.626" errors="0">
  <testcase name="testCreateUSerTC134" time="8.626" classname="com.saphire.test.regression.TestCreateUserUS0155"/>
</testsuite> <!-- com.saphire.test.regression.TestCreateUserUS0155 -->
