<?xml version="1.0" encoding="UTF-8"?>
<!-- Generated by org.testng.reporters.JUnitReportReporter -->
<testsuite skipped="0" hostname="MYDear-PC" name="com.saphire.test.smoke.TestLoginUS015" tests="1" failures="0" timestamp="15 Aug 2017 05:50:20 GMT" time="9.335" errors="0">
  <testcase name="testLoginErrorTC101" time="9.335" classname="com.saphire.test.smoke.TestLoginUS015"/>
</testsuite> <!-- com.saphire.test.smoke.TestLoginUS015 -->
